#! /usr/bin/vvp
:ivl_version "10.3 (stable)";
:ivl_delay_selection "TYPICAL";
:vpi_time_precision + 0;
:vpi_module "system";
:vpi_module "vhdl_sys";
:vpi_module "v2005_math";
:vpi_module "va_math";
S_0x5642a6be0e70 .scope module, "ex01_tb" "ex01_tb" 2 3;
 .timescale 0 0;
v0x5642a6bf32f0_0 .net "c", 0 0, L_0x5642a6bf3650;  1 drivers
v0x5642a6bf33b0_0 .var "x", 1 0;
v0x5642a6bf3480_0 .var "y", 1 0;
v0x5642a6bf3580_0 .net "z", 1 0, L_0x5642a6bf36f0;  1 drivers
S_0x5642a6be0ff0 .scope module, "u1" "adder2" 2 7, 3 1 0, S_0x5642a6be0e70;
 .timescale 0 0;
    .port_info 0 /INPUT 2 "a"
    .port_info 1 /INPUT 2 "b"
    .port_info 2 /OUTPUT 2 "sum"
    .port_info 3 /OUTPUT 1 "carry"
L_0x7f331e043060 .functor BUFT 1, C4<0>, C4<0>, C4<0>, C4<0>;
v0x5642a6bc02c0_0 .net *"_s10", 0 0, L_0x7f331e043060;  1 drivers
v0x5642a6bf2b30_0 .net *"_s11", 2 0, L_0x5642a6bf3ae0;  1 drivers
v0x5642a6bf2c10_0 .net *"_s3", 2 0, L_0x5642a6bf3830;  1 drivers
L_0x7f331e043018 .functor BUFT 1, C4<0>, C4<0>, C4<0>, C4<0>;
v0x5642a6bf2d00_0 .net *"_s6", 0 0, L_0x7f331e043018;  1 drivers
v0x5642a6bf2de0_0 .net *"_s7", 2 0, L_0x5642a6bf3970;  1 drivers
v0x5642a6bf2f10_0 .net "a", 1 0, v0x5642a6bf33b0_0;  1 drivers
v0x5642a6bf2ff0_0 .net "b", 1 0, v0x5642a6bf3480_0;  1 drivers
v0x5642a6bf30d0_0 .net "carry", 0 0, L_0x5642a6bf3650;  alias, 1 drivers
v0x5642a6bf3190_0 .net "sum", 1 0, L_0x5642a6bf36f0;  alias, 1 drivers
L_0x5642a6bf3650 .part L_0x5642a6bf3ae0, 2, 1;
L_0x5642a6bf36f0 .part L_0x5642a6bf3ae0, 0, 2;
L_0x5642a6bf3830 .concat [ 2 1 0 0], v0x5642a6bf33b0_0, L_0x7f331e043018;
L_0x5642a6bf3970 .concat [ 2 1 0 0], v0x5642a6bf3480_0, L_0x7f331e043060;
L_0x5642a6bf3ae0 .arith/sum 3, L_0x5642a6bf3830, L_0x5642a6bf3970;
    .scope S_0x5642a6be0e70;
T_0 ;
    %vpi_call 2 10 "$monitor", "%t %b %b %b %b", $time, v0x5642a6bf33b0_0, v0x5642a6bf3480_0, v0x5642a6bf3580_0, v0x5642a6bf32f0_0 {0 0 0};
    %pushi/vec4 50, 0, 32;
T_0.0 %dup/vec4;
    %pushi/vec4 0, 0, 32;
    %cmp/s;
    %jmp/1xz T_0.1, 5;
    %jmp/1 T_0.1, 4;
    %pushi/vec4 1, 0, 32;
    %sub;
    %vpi_func 2 12 "$random" 32 {0 0 0};
    %pad/u 4;
    %split/vec4 2;
    %store/vec4 v0x5642a6bf3480_0, 0, 2;
    %store/vec4 v0x5642a6bf33b0_0, 0, 2;
    %delay 100, 0;
    %jmp T_0.0;
T_0.1 ;
    %pop/vec4 1;
    %delay 100, 0;
    %end;
    .thread T_0;
# The file index is used to find the file name in the following table.
:file_names 4;
    "N/A";
    "<interactive>";
    "ex01_tb.v";
    "./ex01.v";
