#! /usr/bin/vvp
:ivl_version "10.3 (stable)";
:ivl_delay_selection "TYPICAL";
:vpi_time_precision + 0;
:vpi_module "system";
:vpi_module "vhdl_sys";
:vpi_module "v2005_math";
:vpi_module "va_math";
S_0x56359778c0d0 .scope module, "cmp4" "cmp4" 2 1;
 .timescale 0 0;
    .port_info 0 /INPUT 4 "a"
    .port_info 1 /INPUT 4 "b"
    .port_info 2 /OUTPUT 1 "gt"
    .port_info 3 /OUTPUT 1 "eq"
    .port_info 4 /OUTPUT 1 "lt"
o0x7fbe47e1c018 .functor BUFZ 4, C4<zzzz>; HiZ drive
v0x56359778c2d0_0 .net "a", 3 0, o0x7fbe47e1c018;  0 drivers
o0x7fbe47e1c048 .functor BUFZ 4, C4<zzzz>; HiZ drive
v0x5635977cf620_0 .net "b", 3 0, o0x7fbe47e1c048;  0 drivers
v0x5635977cf700_0 .net "eq", 0 0, L_0x5635977cfb10;  1 drivers
v0x5635977cf7a0_0 .net "gt", 0 0, L_0x5635977cfa10;  1 drivers
v0x5635977cf860_0 .net "lt", 0 0, L_0x5635977cfc80;  1 drivers
L_0x5635977cfa10 .cmp/gt 4, o0x7fbe47e1c018, o0x7fbe47e1c048;
L_0x5635977cfb10 .cmp/eq 4, o0x7fbe47e1c018, o0x7fbe47e1c048;
L_0x5635977cfc80 .cmp/gt 4, o0x7fbe47e1c048, o0x7fbe47e1c018;
# The file index is used to find the file name in the following table.
:file_names 3;
    "N/A";
    "<interactive>";
    "cmp4.v";
