#! /usr/bin/vvp
:ivl_version "10.3 (stable)";
:ivl_delay_selection "TYPICAL";
:vpi_time_precision - 12;
:vpi_module "system";
:vpi_module "vhdl_sys";
:vpi_module "v2005_math";
:vpi_module "va_math";
S_0x55ca560398c0 .scope module, "decode_tb" "decode_tb" 2 4;
 .timescale -9 -12;
v0x55ca5604d210_0 .var "a", 3 0;
v0x55ca5604d2f0_0 .var "b", 3 0;
v0x55ca5604d390_0 .var "cin", 0 0;
v0x55ca5604d460_0 .net "cout", 0 0, L_0x55ca5604d710;  1 drivers
v0x55ca5604d530_0 .net "sum", 3 0, L_0x55ca5604d620;  1 drivers
S_0x55ca56039a40 .scope module, "dut2" "bcdfadd4" 2 11, 3 1 0, S_0x55ca560398c0;
 .timescale -9 -12;
    .port_info 0 /INPUT 4 "a"
    .port_info 1 /INPUT 4 "b"
    .port_info 2 /INPUT 1 "cin"
    .port_info 3 /OUTPUT 4 "sum"
    .port_info 4 /OUTPUT 1 "cout"
v0x55ca56002090_0 .var "_sum", 4 0;
v0x55ca5604cd20_0 .net "a", 3 0, v0x55ca5604d210_0;  1 drivers
v0x55ca5604ce00_0 .net "b", 3 0, v0x55ca5604d2f0_0;  1 drivers
v0x55ca5604cec0_0 .net "cin", 0 0, v0x55ca5604d390_0;  1 drivers
v0x55ca5604cf80_0 .net "cout", 0 0, L_0x55ca5604d710;  alias, 1 drivers
v0x55ca5604d090_0 .net "sum", 3 0, L_0x55ca5604d620;  alias, 1 drivers
E_0x55ca56038070 .event edge, v0x55ca5604cd20_0, v0x55ca5604ce00_0, v0x55ca5604cec0_0, v0x55ca56002090_0;
L_0x55ca5604d620 .part v0x55ca56002090_0, 0, 4;
L_0x55ca5604d710 .part v0x55ca56002090_0, 4, 1;
    .scope S_0x55ca56039a40;
T_0 ;
    %wait E_0x55ca56038070;
    %load/vec4 v0x55ca5604cd20_0;
    %pad/u 5;
    %load/vec4 v0x55ca5604ce00_0;
    %pad/u 5;
    %add;
    %load/vec4 v0x55ca5604cec0_0;
    %pad/u 5;
    %add;
    %store/vec4 v0x55ca56002090_0, 0, 5;
    %pushi/vec4 9, 0, 32;
    %load/vec4 v0x55ca56002090_0;
    %pad/u 32;
    %cmp/u;
    %jmp/0xz  T_0.0, 5;
    %load/vec4 v0x55ca56002090_0;
    %subi 10, 0, 5;
    %store/vec4 v0x55ca56002090_0, 0, 5;
    %pushi/vec4 1, 0, 1;
    %ix/load 4, 4, 0;
    %flag_set/imm 4, 0;
    %store/vec4 v0x55ca56002090_0, 4, 1;
T_0.0 ;
    %jmp T_0;
    .thread T_0, $push;
    .scope S_0x55ca560398c0;
T_1 ;
    %vpi_call 2 21 "$dumpfile", "wave.vcd" {0 0 0};
    %vpi_call 2 22 "$dumpvars" {0 0 0};
    %vpi_call 2 23 "$monitor", "%t %d %d %b %b %d", $time, v0x55ca5604d210_0, v0x55ca5604d2f0_0, v0x55ca5604d390_0, v0x55ca5604d460_0, v0x55ca5604d530_0 {0 0 0};
    %delay 100000, 0;
    %pushi/vec4 100, 0, 32;
T_1.0 %dup/vec4;
    %pushi/vec4 0, 0, 32;
    %cmp/s;
    %jmp/1xz T_1.1, 5;
    %jmp/1 T_1.1, 4;
    %pushi/vec4 1, 0, 32;
    %sub;
    %vpi_func 2 27 "$random" 32 {0 0 0};
    %pad/u 9;
    %split/vec4 1;
    %store/vec4 v0x55ca5604d390_0, 0, 1;
    %split/vec4 4;
    %store/vec4 v0x55ca5604d2f0_0, 0, 4;
    %store/vec4 v0x55ca5604d210_0, 0, 4;
    %load/vec4 v0x55ca5604d210_0;
    %pad/u 32;
    %pushi/vec4 10, 0, 32;
    %mod;
    %pad/u 4;
    %store/vec4 v0x55ca5604d210_0, 0, 4;
    %load/vec4 v0x55ca5604d2f0_0;
    %pad/u 32;
    %pushi/vec4 10, 0, 32;
    %mod;
    %pad/u 4;
    %store/vec4 v0x55ca5604d2f0_0, 0, 4;
    %delay 100000, 0;
    %jmp T_1.0;
T_1.1 ;
    %pop/vec4 1;
    %vpi_call 2 32 "$finish" {0 0 0};
    %end;
    .thread T_1;
# The file index is used to find the file name in the following table.
:file_names 4;
    "N/A";
    "<interactive>";
    "simulation.v";
    "./bcdfadd4.v";
